<?xml version="1.0" encoding="UTF-8"?>
<!-- Generated by org.testng.reporters.JUnitXMLReporter -->
<testsuite ignored="4" hostname="DESKTOP-H0OUOOC" failures="0" tests="3" name="TestRunner-2" time="60.021" errors="0" timestamp="2023-09-20T10:04:02 IST">
  <testcase classname="com.ASTL.Pomaccess.AddnewClientPOMTest" name="addCLient" time="9.533"/>
  <testcase classname="com.ASTL.Pomaccess.AddNomineePOMTest" name="addnewNominee" time="7.588"/>
  <testcase classname="com.ASTL.Pomaccess.AddPaymentPOMTest" name="addPayment" time="4.975"/>
  <testcase classname="com.insurance.ASTL.GenericUtilities.BaseClass" name="@AfterSuite configAS" time="0.0">
    <ignored/>
  </testcase> <!-- @AfterSuite configAS -->
  <testcase classname="com.insurance.ASTL.GenericUtilities.BaseClass" name="@AfterSuite configAS" time="0.0">
    <ignored/>
  </testcase> <!-- @AfterSuite configAS -->
  <testcase classname="com.insurance.ASTL.GenericUtilities.BaseClass" name="@BeforeSuite configDB" time="0.0">
    <ignored/>
  </testcase> <!-- @BeforeSuite configDB -->
  <testcase classname="com.insurance.ASTL.GenericUtilities.BaseClass" name="@BeforeSuite configDB" time="0.0">
    <ignored/>
  </testcase> <!-- @BeforeSuite configDB -->
</testsuite> <!-- TestRunner-2 -->
