<?xml version="1.0" encoding="UTF-8"?>
<!-- Generated by org.testng.reporters.JUnitXMLReporter -->
<testsuite ignored="4" hostname="DESKTOP-H0OUOOC" failures="1" tests="3" name="Test" time="20.064" errors="0" timestamp="2023-09-21T13:14:07 IST">
  <testcase classname="com.ASTL.Pomaccess.AddnewClientPOMTest" name="addCLient" time="1.641">
    <failure type="java.lang.AssertionError" message="null">
      <![CDATA[java.lang.AssertionError: null
at com.ASTL.Pomaccess.AddnewClientPOMTest.addCLient(AddnewClientPOMTest.java:27)
at java.base/java.util.ArrayList.forEach(ArrayList.java:1511)
at java.base/java.util.concurrent.FutureTask.run(FutureTask.java:264)
at java.base/java.util.concurrent.ThreadPoolExecutor.runWorker(ThreadPoolExecutor.java:1136)
at java.base/java.util.concurrent.ThreadPoolExecutor$Worker.run(ThreadPoolExecutor.java:635)
at java.base/java.lang.Thread.run(Thread.java:833)
... Removed 19 stack frames]]>
    </failure>
  </testcase> <!-- addCLient -->
  <testcase classname="com.ASTL.Pomaccess.AddNomineePOMTest" name="addnewNominee" time="2.712"/>
  <testcase classname="com.ASTL.Pomaccess.AddPaymentPOMTest" name="addPayment" time="2.1"/>
  <testcase classname="com.insurance.ASTL.GenericUtilities.BaseClass" name="@BeforeSuite configDB" time="0.0">
    <ignored/>
  </testcase> <!-- @BeforeSuite configDB -->
  <testcase classname="com.insurance.ASTL.GenericUtilities.BaseClass" name="@AfterSuite configAS" time="0.0">
    <ignored/>
  </testcase> <!-- @AfterSuite configAS -->
  <testcase classname="com.insurance.ASTL.GenericUtilities.BaseClass" name="@AfterSuite configAS" time="0.0">
    <ignored/>
  </testcase> <!-- @AfterSuite configAS -->
  <testcase classname="com.insurance.ASTL.GenericUtilities.BaseClass" name="@BeforeSuite configDB" time="0.0">
    <ignored/>
  </testcase> <!-- @BeforeSuite configDB -->
</testsuite> <!-- Test -->
